<?xml version="1.0" encoding="UTF-8"?>
<testsuite xmlns:xsi="http://www.w3.org/2001/XMLSchema-instance" xsi:noNamespaceSchemaLocation="https://maven.apache.org/surefire/maven-surefire-plugin/xsd/surefire-test-report.xsd" name="Ergasia.CircularQueueTest" time="0.048" tests="3" errors="0" skipped="0" failures="0">
  <properties>
[...]
</properties>
  <testcase name="Test1" classname="Ergasia.CircularQueueTest" time="0.029"/>
  <testcase name="Test2" classname="Ergasia.CircularQueueTest" time="0.012"/>
  <testcase name="Test3" classname="Ergasia.CircularQueueTest" time="0"/>
</testsuite>